mode: set
github.com/challenges-fredhw/servers/gateway/sessions/sessionid.go:36.18,39.2 2 0
github.com/challenges-fredhw/servers/gateway/sessions/sessionid.go:68.57,71.26 1 1
github.com/challenges-fredhw/servers/gateway/sessions/sessionid.go:83.2,85.16 3 1
github.com/challenges-fredhw/servers/gateway/sessions/sessionid.go:89.2,97.31 6 1
github.com/challenges-fredhw/servers/gateway/sessions/sessionid.go:71.26,73.3 1 1
github.com/challenges-fredhw/servers/gateway/sessions/sessionid.go:85.16,87.3 1 0
github.com/challenges-fredhw/servers/gateway/sessions/sessionid.go:107.66,117.16 2 1
github.com/challenges-fredhw/servers/gateway/sessions/sessionid.go:121.2,126.49 5 1
github.com/challenges-fredhw/servers/gateway/sessions/sessionid.go:130.2,130.39 1 1
github.com/challenges-fredhw/servers/gateway/sessions/sessionid.go:117.16,119.3 1 1
github.com/challenges-fredhw/servers/gateway/sessions/sessionid.go:126.49,128.3 1 1
github.com/challenges-fredhw/servers/gateway/sessions/sessionid.go:134.38,136.2 1 1
github.com/challenges-fredhw/servers/gateway/sessions/memstore.go:18.88,22.2 1 1
github.com/challenges-fredhw/servers/gateway/sessions/memstore.go:27.66,29.16 2 1
github.com/challenges-fredhw/servers/gateway/sessions/memstore.go:32.2,33.12 2 1
github.com/challenges-fredhw/servers/gateway/sessions/memstore.go:29.16,31.3 1 1
github.com/challenges-fredhw/servers/gateway/sessions/memstore.go:38.65,40.12 2 1
github.com/challenges-fredhw/servers/gateway/sessions/memstore.go:44.2,45.42 2 1
github.com/challenges-fredhw/servers/gateway/sessions/memstore.go:40.12,42.3 1 1
github.com/challenges-fredhw/servers/gateway/sessions/memstore.go:49.49,52.2 2 1
github.com/challenges-fredhw/servers/gateway/sessions/redisstore.go:19.85,21.19 1 1
github.com/challenges-fredhw/servers/gateway/sessions/redisstore.go:24.2,27.3 1 1
github.com/challenges-fredhw/servers/gateway/sessions/redisstore.go:21.19,22.40 1 0
github.com/challenges-fredhw/servers/gateway/sessions/redisstore.go:35.75,40.16 2 1
github.com/challenges-fredhw/servers/gateway/sessions/redisstore.go:43.2,44.16 2 1
github.com/challenges-fredhw/servers/gateway/sessions/redisstore.go:47.2,47.12 1 1
github.com/challenges-fredhw/servers/gateway/sessions/redisstore.go:40.16,42.3 1 1
github.com/challenges-fredhw/servers/gateway/sessions/redisstore.go:44.16,46.3 1 0
github.com/challenges-fredhw/servers/gateway/sessions/redisstore.go:52.74,62.16 2 1
github.com/challenges-fredhw/servers/gateway/sessions/redisstore.go:66.2,67.16 2 1
github.com/challenges-fredhw/servers/gateway/sessions/redisstore.go:71.2,71.51 1 1
github.com/challenges-fredhw/servers/gateway/sessions/redisstore.go:62.16,64.3 1 1
github.com/challenges-fredhw/servers/gateway/sessions/redisstore.go:67.16,69.3 1 0
github.com/challenges-fredhw/servers/gateway/sessions/redisstore.go:75.51,78.16 2 1
github.com/challenges-fredhw/servers/gateway/sessions/redisstore.go:81.2,81.12 1 1
github.com/challenges-fredhw/servers/gateway/sessions/redisstore.go:78.16,80.3 1 0
github.com/challenges-fredhw/servers/gateway/sessions/redisstore.go:85.43,90.2 1 1
github.com/challenges-fredhw/servers/gateway/sessions/session.go:22.119,31.16 2 1
github.com/challenges-fredhw/servers/gateway/sessions/session.go:34.2,40.17 4 1
github.com/challenges-fredhw/servers/gateway/sessions/session.go:31.16,33.3 1 1
github.com/challenges-fredhw/servers/gateway/sessions/session.go:44.74,51.19 2 1
github.com/challenges-fredhw/servers/gateway/sessions/session.go:55.2,55.43 1 1
github.com/challenges-fredhw/servers/gateway/sessions/session.go:59.2,62.16 3 1
github.com/challenges-fredhw/servers/gateway/sessions/session.go:65.2,65.17 1 1
github.com/challenges-fredhw/servers/gateway/sessions/session.go:51.19,53.3 1 1
github.com/challenges-fredhw/servers/gateway/sessions/session.go:55.43,57.3 1 1
github.com/challenges-fredhw/servers/gateway/sessions/session.go:62.16,64.3 1 1
github.com/challenges-fredhw/servers/gateway/sessions/session.go:71.109,75.16 2 1
github.com/challenges-fredhw/servers/gateway/sessions/session.go:78.2,79.16 2 1
github.com/challenges-fredhw/servers/gateway/sessions/session.go:82.2,82.17 1 1
github.com/challenges-fredhw/servers/gateway/sessions/session.go:75.16,77.3 1 1
github.com/challenges-fredhw/servers/gateway/sessions/session.go:79.16,81.3 1 1
github.com/challenges-fredhw/servers/gateway/sessions/session.go:88.85,92.16 2 1
github.com/challenges-fredhw/servers/gateway/sessions/session.go:95.2,96.16 2 1
github.com/challenges-fredhw/servers/gateway/sessions/session.go:99.2,99.17 1 1
github.com/challenges-fredhw/servers/gateway/sessions/session.go:92.16,94.3 1 1
github.com/challenges-fredhw/servers/gateway/sessions/session.go:96.16,98.3 1 0
