mode: set
github.com/challenges-fredhw/servers/gateway/models/users/user.go:54.37,63.56 1 1
github.com/challenges-fredhw/servers/gateway/models/users/user.go:66.2,66.26 1 1
github.com/challenges-fredhw/servers/gateway/models/users/user.go:69.2,69.36 1 1
github.com/challenges-fredhw/servers/gateway/models/users/user.go:72.2,72.27 1 1
github.com/challenges-fredhw/servers/gateway/models/users/user.go:76.2,76.12 1 1
github.com/challenges-fredhw/servers/gateway/models/users/user.go:63.56,65.3 1 1
github.com/challenges-fredhw/servers/gateway/models/users/user.go:66.26,68.3 1 1
github.com/challenges-fredhw/servers/gateway/models/users/user.go:69.36,71.3 1 1
github.com/challenges-fredhw/servers/gateway/models/users/user.go:72.27,74.3 1 1
github.com/challenges-fredhw/servers/gateway/models/users/user.go:81.44,103.54 7 1
github.com/challenges-fredhw/servers/gateway/models/users/user.go:114.2,114.18 1 1
github.com/challenges-fredhw/servers/gateway/models/users/user.go:103.54,105.3 1 0
github.com/challenges-fredhw/servers/gateway/models/users/user.go:121.34,123.27 1 1
github.com/challenges-fredhw/servers/gateway/models/users/user.go:123.27,125.3 1 1
github.com/challenges-fredhw/servers/gateway/models/users/user.go:125.3,125.33 1 1
github.com/challenges-fredhw/servers/gateway/models/users/user.go:125.33,127.3 1 1
github.com/challenges-fredhw/servers/gateway/models/users/user.go:127.3,129.3 1 1
github.com/challenges-fredhw/servers/gateway/models/users/user.go:133.51,137.16 2 1
github.com/challenges-fredhw/servers/gateway/models/users/user.go:141.2,143.12 2 1
github.com/challenges-fredhw/servers/gateway/models/users/user.go:137.16,139.3 1 0
github.com/challenges-fredhw/servers/gateway/models/users/user.go:148.52,154.2 1 1
github.com/challenges-fredhw/servers/gateway/models/users/user.go:158.53,163.33 1 1
github.com/challenges-fredhw/servers/gateway/models/users/user.go:167.2,167.32 1 1
github.com/challenges-fredhw/servers/gateway/models/users/user.go:170.2,173.12 3 1
github.com/challenges-fredhw/servers/gateway/models/users/user.go:163.33,165.3 1 1
github.com/challenges-fredhw/servers/gateway/models/users/user.go:167.32,169.3 1 1
github.com/challenges-fredhw/servers/gateway/models/users/memstore.go:19.88,23.2 1 1
github.com/challenges-fredhw/servers/gateway/models/users/memstore.go:26.62,29.12 3 1
github.com/challenges-fredhw/servers/gateway/models/users/memstore.go:33.2,33.57 1 1
github.com/challenges-fredhw/servers/gateway/models/users/memstore.go:36.2,36.18 1 1
github.com/challenges-fredhw/servers/gateway/models/users/memstore.go:29.12,31.3 1 1
github.com/challenges-fredhw/servers/gateway/models/users/memstore.go:33.57,35.3 1 0
github.com/challenges-fredhw/servers/gateway/models/users/memstore.go:40.61,43.22 3 1
github.com/challenges-fredhw/servers/gateway/models/users/memstore.go:51.2,51.29 1 1
github.com/challenges-fredhw/servers/gateway/models/users/memstore.go:43.22,44.67 1 1
github.com/challenges-fredhw/servers/gateway/models/users/memstore.go:47.3,47.26 1 1
github.com/challenges-fredhw/servers/gateway/models/users/memstore.go:44.67,46.4 1 0
github.com/challenges-fredhw/servers/gateway/models/users/memstore.go:47.26,49.4 1 1
github.com/challenges-fredhw/servers/gateway/models/users/memstore.go:55.67,58.22 3 1
github.com/challenges-fredhw/servers/gateway/models/users/memstore.go:66.2,66.29 1 1
github.com/challenges-fredhw/servers/gateway/models/users/memstore.go:58.22,59.67 1 1
github.com/challenges-fredhw/servers/gateway/models/users/memstore.go:62.3,62.32 1 1
github.com/challenges-fredhw/servers/gateway/models/users/memstore.go:59.67,61.4 1 0
github.com/challenges-fredhw/servers/gateway/models/users/memstore.go:62.32,64.4 1 1
github.com/challenges-fredhw/servers/gateway/models/users/memstore.go:71.61,73.16 2 1
github.com/challenges-fredhw/servers/gateway/models/users/memstore.go:76.2,77.16 2 1
github.com/challenges-fredhw/servers/gateway/models/users/memstore.go:80.2,81.18 2 1
github.com/challenges-fredhw/servers/gateway/models/users/memstore.go:73.16,75.3 1 0
github.com/challenges-fredhw/servers/gateway/models/users/memstore.go:77.16,79.3 1 0
github.com/challenges-fredhw/servers/gateway/models/users/memstore.go:85.74,87.16 2 1
github.com/challenges-fredhw/servers/gateway/models/users/memstore.go:90.2,90.51 1 1
github.com/challenges-fredhw/servers/gateway/models/users/memstore.go:94.2,95.16 2 1
github.com/challenges-fredhw/servers/gateway/models/users/memstore.go:98.2,99.12 2 1
github.com/challenges-fredhw/servers/gateway/models/users/memstore.go:87.16,89.3 1 0
github.com/challenges-fredhw/servers/gateway/models/users/memstore.go:90.51,92.3 1 0
github.com/challenges-fredhw/servers/gateway/models/users/memstore.go:95.16,97.3 1 0
github.com/challenges-fredhw/servers/gateway/models/users/memstore.go:103.56,106.2 2 1
github.com/challenges-fredhw/servers/gateway/models/users/mongostore.go:17.89,18.17 1 1
github.com/challenges-fredhw/servers/gateway/models/users/mongostore.go:21.2,25.3 1 1
github.com/challenges-fredhw/servers/gateway/models/users/mongostore.go:18.17,19.42 1 0
github.com/challenges-fredhw/servers/gateway/models/users/mongostore.go:29.63,33.16 4 1
github.com/challenges-fredhw/servers/gateway/models/users/mongostore.go:37.2,37.18 1 1
github.com/challenges-fredhw/servers/gateway/models/users/mongostore.go:33.16,35.3 1 1
github.com/challenges-fredhw/servers/gateway/models/users/mongostore.go:41.62,45.16 4 1
github.com/challenges-fredhw/servers/gateway/models/users/mongostore.go:48.2,48.18 1 1
github.com/challenges-fredhw/servers/gateway/models/users/mongostore.go:45.16,47.3 1 1
github.com/challenges-fredhw/servers/gateway/models/users/mongostore.go:52.68,56.16 4 1
github.com/challenges-fredhw/servers/gateway/models/users/mongostore.go:59.2,59.18 1 1
github.com/challenges-fredhw/servers/gateway/models/users/mongostore.go:56.16,58.3 1 1
github.com/challenges-fredhw/servers/gateway/models/users/mongostore.go:64.62,66.16 2 1
github.com/challenges-fredhw/servers/gateway/models/users/mongostore.go:69.2,70.41 2 1
github.com/challenges-fredhw/servers/gateway/models/users/mongostore.go:74.2,74.18 1 1
github.com/challenges-fredhw/servers/gateway/models/users/mongostore.go:66.16,68.3 1 0
github.com/challenges-fredhw/servers/gateway/models/users/mongostore.go:70.41,72.3 1 0
github.com/challenges-fredhw/servers/gateway/models/users/mongostore.go:78.75,85.66 4 1
github.com/challenges-fredhw/servers/gateway/models/users/mongostore.go:88.2,88.12 1 1
github.com/challenges-fredhw/servers/gateway/models/users/mongostore.go:85.66,87.3 1 0
github.com/challenges-fredhw/servers/gateway/models/users/mongostore.go:92.57,95.2 2 1
